<?xml version="1.0" encoding="UTF-8"?>
<testng-results skipped="0" failed="0" ignored="0" total="2" passed="2">
  <reporter-output>
  </reporter-output>
  <suite name="Default suite" duration-ms="1480" started-at="2020-06-09T12:54:45Z" finished-at="2020-06-09T12:54:47Z">
    <groups>
    </groups>
    <test name="Default test" duration-ms="1480" started-at="2020-06-09T12:54:45Z" finished-at="2020-06-09T12:54:47Z">
      <class name="com.qa.testng.GetApiTest">
        <test-method status="PASS" signature="setup()[pri:0, instance:com.qa.testng.GetApiTest@482cd91f]" name="setup" is-config="true" duration-ms="5" started-at="2020-06-09T12:54:45Z" finished-at="2020-06-09T12:54:45Z">
          <reporter-output>
          </reporter-output>
        </test-method> <!-- setup -->
        <test-method status="PASS" signature="getAPITestwithoutheader()[pri:1, instance:com.qa.testng.GetApiTest@482cd91f]" name="getAPITestwithoutheader" duration-ms="987" started-at="2020-06-09T12:54:45Z" finished-at="2020-06-09T12:54:46Z">
          <reporter-output>
          </reporter-output>
        </test-method> <!-- getAPITestwithoutheader -->
        <test-method status="PASS" signature="getAPITestwithheader()[pri:2, instance:com.qa.testng.GetApiTest@482cd91f]" name="getAPITestwithheader" duration-ms="460" started-at="2020-06-09T12:54:46Z" finished-at="2020-06-09T12:54:47Z">
          <reporter-output>
          </reporter-output>
        </test-method> <!-- getAPITestwithheader -->
        <test-method status="PASS" signature="setup()[pri:0, instance:com.qa.testng.GetApiTest@482cd91f]" name="setup" is-config="true" duration-ms="0" started-at="2020-06-09T12:54:46Z" finished-at="2020-06-09T12:54:46Z">
          <reporter-output>
          </reporter-output>
        </test-method> <!-- setup -->
      </class> <!-- com.qa.testng.GetApiTest -->
    </test> <!-- Default test -->
  </suite> <!-- Default suite -->
</testng-results>
